  ServerClass.cpp
x:\studia\z16-17\sieci\consoleapplication1\consoleapplication1\ServerClass.h(8): warning C4005: 'DEFAULT_BUFLEN': macro redefinition
  x:\studia\z16-17\sieci\consoleapplication1\consoleapplication1\SocketHelper.h(10): note: see previous definition of 'DEFAULT_BUFLEN'
ServerClass.cpp(248): warning C4800: 'int': forcing value to bool 'true' or 'false' (performance warning)
ServerClass.cpp(270): warning C4018: '<': signed/unsigned mismatch
ServerClass.cpp(392): warning C4018: '<': signed/unsigned mismatch
ServerClass.cpp(417): warning C4018: '<': signed/unsigned mismatch
ServerClass.cpp(419): warning C4018: '<': signed/unsigned mismatch
ServerClass.cpp(453): warning C4018: '<=': signed/unsigned mismatch
ServerClass.cpp(480): warning C4018: '<=': signed/unsigned mismatch
ServerClass.cpp(483): warning C4018: '<=': signed/unsigned mismatch
  winsocktest.cpp
x:\studia\z16-17\sieci\consoleapplication1\consoleapplication1\ServerClass.h(8): warning C4005: 'DEFAULT_BUFLEN': macro redefinition
  x:\studia\z16-17\sieci\consoleapplication1\consoleapplication1\SocketHelper.h(10): note: see previous definition of 'DEFAULT_BUFLEN'
  Generating code
  134 of 1005 functions (13.3%) were compiled, the rest were copied from previous compilation.
    10 functions were new in current compilation
    17 functions had inline decision re-evaluated but remain unchanged
  Finished generating code
  ConsoleApplication1.vcxproj -> X:\Studia\Z16-17\sieci\ConsoleApplication1\Release\WinsockTest.exe
